<component name="libraryTable">
  <library name="junit-platform-engine-1.9.2">
    <CLASSES>
      <root url="jar://$USER_HOME$/junit-project/junit-platform-engine-1.9.2.jar!/" />
    </CLASSES>
    <JAVADOC />
    <SOURCES />
  </library>
</component>